#
# There is insufficient memory for the Java Runtime Environment to continue.
# Native memory allocation (mmap) failed to map 132120576 bytes. Error detail: G1 virtual space
# Possible reasons:
#   The system is out of physical RAM or swap space
#   This process is running with CompressedOops enabled, and the Java Heap may be blocking the growth of the native heap
# Possible solutions:
#   Reduce memory load on the system
#   Increase physical memory or swap space
#   Check if swap backing store is full
#   Decrease Java heap size (-Xmx/-Xms)
#   Decrease number of Java threads
#   Decrease Java thread stack sizes (-Xss)
#   Set larger code cache with -XX:ReservedCodeCacheSize=
#   JVM is running with Unscaled Compressed Oops mode in which the Java heap is
#     placed in the first 4GB address space. The Java Heap base address is the
#     maximum limit for the native heap growth. Please use -XX:HeapBaseMinAddress
#     to set the Java Heap base and to place the Java Heap above 4GB virtual address.
# This output file may be truncated or incomplete.
#
#  Out of Memory Error (os_windows.cpp:3631), pid=74600, tid=70488
#
# JRE version:  (22.0.1+8) (build )
# Java VM: Java HotSpot(TM) 64-Bit Server VM (22.0.1+8-16, mixed mode, sharing, tiered, compressed oops, compressed class ptrs, g1 gc, windows-amd64)
# No core dump will be written. Minidumps are not enabled by default on client versions of Windows
#

---------------  S U M M A R Y ------------

Command Line: SumTriangleFromArray

Host: Intel(R) Core(TM) i5-10200H CPU @ 2.40GHz, 8 cores, 7G,  Windows 11 , 64 bit Build 22621 (10.0.22621.3527)
Time: Sun Sep 15 11:21:46 2024 India Standard Time elapsed time: 0.009702 seconds (0d 0h 0m 0s)

---------------  T H R E A D  ---------------

Current thread (0x000001f9572ec800):  JavaThread "Unknown thread" [_thread_in_vm, id=70488, stack(0x0000005b44300000,0x0000005b44400000) (1024K)]

Stack: [0x0000005b44300000,0x0000005b44400000]
Native frames: (J=compiled Java code, j=interpreted, Vv=VM code, C=native code)
V  [jvm.dll+0x6e2279]  (no source info available)
V  [jvm.dll+0x874e33]  (no source info available)
V  [jvm.dll+0x87725e]  (no source info available)
V  [jvm.dll+0x877933]  (no source info available)
V  [jvm.dll+0x27fd76]  (no source info available)
V  [jvm.dll+0x6de915]  (no source info available)
V  [jvm.dll+0x6d341a]  (no source info available)
V  [jvm.dll+0x3589da]  (no source info available)
V  [jvm.dll+0x360f06]  (no source info available)
V  [jvm.dll+0x3b3e2e]  (no source info available)
V  [jvm.dll+0x3b40d8]  (no source info available)
V  [jvm.dll+0x32c59c]  (no source info available)
V  [jvm.dll+0x32d158]  (no source info available)
V  [jvm.dll+0x83ccdc]  (no source info available)
V  [jvm.dll+0x3c0d71]  (no source info available)
V  [jvm.dll+0x825ccc]  (no source info available)
V  [jvm.dll+0x45b8fe]  (no source info available)
V  [jvm.dll+0x45d781]  (no source info available)
C  [jli.dll+0x52a3]  (no source info available)
C  [ucrtbase.dll+0x29333]  (no source info available)
C  [KERNEL32.DLL+0x1257d]  (no source info available)
C  [ntdll.dll+0x5aa48]  (no source info available)


---------------  P R O C E S S  ---------------

Threads class SMR info:
_java_thread_list=0x00007ffa5c0ab1c8, length=0, elements={
}

Java Threads: ( => current thread )
Total: 0

Other Threads:
  0x000001f9595a0080 WorkerThread "GC Thread#0"                     [id=72852, stack(0x0000005b44400000,0x0000005b44500000) (1024K)]
  0x000001f9595b1c40 ConcurrentGCThread "G1 Main Marker"            [id=77280, stack(0x0000005b44500000,0x0000005b44600000) (1024K)]
  0x000001f9595b2e00 WorkerThread "G1 Conc#0"                       [id=69688, stack(0x0000005b44600000,0x0000005b44700000) (1024K)]

[error occurred during error reporting (printing all threads), id 0xc0000005, EXCEPTION_ACCESS_VIOLATION (0xc0000005) at pc=0x00007ffa5b7ff367]
VM state: not at safepoint (not fully initialized)

VM Mutex/Monitor currently owned by a thread:  ([mutex/lock_event])
[0x00007ffa5c12bcb8] Heap_lock - owner thread: 0x000001f9572ec800

Heap address: 0x0000000082800000, size: 2008 MB, Compressed Oops mode: 32-bit

CDS archive(s) mapped at: [0x0000000000000000-0x0000000000000000-0x0000000000000000), size 0, SharedBaseAddress: 0x0000000800000000, ArchiveRelocationMode: 1.
Narrow klass base: 0x0000000000000000, Narrow klass shift: 0, Narrow klass range: 0x0

GC Precious Log:
 CardTable entry size: 512
 Card Set container configuration: InlinePtr #cards 5 size 8 Array Of Cards #cards 12 size 40 Howl #buckets 4 coarsen threshold 1843 Howl Bitmap #cards 512 size 80 coarsen threshold 460 Card regions per heap region 1 cards per card region 2048

Heap:
 garbage-first heap   total reserved 2056192K, committed 0K, used 0K [0x0000000082800000, 0x0000000100000000)
  region size 1024K, 0 young (0K), 0 survivors (0K)

[error occurred during error reporting (printing heap information), id 0xc0000005, EXCEPTION_ACCESS_VIOLATION (0xc0000005) at pc=0x00007ffa5bbfe429]
GC Heap History (0 events):
No events

Dll operation events (1 events):
Event: 0.005 Loaded shared library C:\Program Files\Java\jdk-22\bin\java.dll

Deoptimization events (0 events):
No events

Classes loaded (0 events):
No events

Classes unloaded (0 events):
No events

Classes redefined (0 events):
No events

Internal exceptions (0 events):
No events

ZGC Phase Switch (0 events):
No events

VM Operations (0 events):
No events

Events (0 events):
No events


Dynamic libraries:
0x00007ff712470000 - 0x00007ff712480000 	C:\Program Files\Java\jdk-22\bin\java.exe
0x00007ffab79b0000 - 0x00007ffab7bc7000 	C:\WINDOWS\SYSTEM32\ntdll.dll
0x00007ffab56e0000 - 0x00007ffab57a4000 	C:\WINDOWS\System32\KERNEL32.DLL
0x00007ffab4fb0000 - 0x00007ffab5357000 	C:\WINDOWS\System32\KERNELBASE.dll
0x00007ffab4df0000 - 0x00007ffab4f01000 	C:\WINDOWS\System32\ucrtbase.dll
0x00007ffa9fd30000 - 0x00007ffa9fd4b000 	C:\Program Files\Java\jdk-22\bin\VCRUNTIME140.dll
0x00007ffaa1250000 - 0x00007ffaa1267000 	C:\Program Files\Java\jdk-22\bin\jli.dll
0x00007ffab63e0000 - 0x00007ffab6492000 	C:\WINDOWS\System32\ADVAPI32.dll
0x00007ffab5ed0000 - 0x00007ffab5f77000 	C:\WINDOWS\System32\msvcrt.dll
0x00007ffab6900000 - 0x00007ffab69a8000 	C:\WINDOWS\System32\sechost.dll
0x00007ffab5360000 - 0x00007ffab5388000 	C:\WINDOWS\System32\bcrypt.dll
0x00007ffab6760000 - 0x00007ffab6875000 	C:\WINDOWS\System32\RPCRT4.dll
0x00007ffab57b0000 - 0x00007ffab595e000 	C:\WINDOWS\System32\USER32.dll
0x00007ffa9cc70000 - 0x00007ffa9cf03000 	C:\WINDOWS\WinSxS\amd64_microsoft.windows.common-controls_6595b64144ccf1df_6.0.22621.3527_none_270e469b73872a76\COMCTL32.dll
0x00007ffab4f80000 - 0x00007ffab4fa6000 	C:\WINDOWS\System32\win32u.dll
0x00007ffab6150000 - 0x00007ffab6179000 	C:\WINDOWS\System32\GDI32.dll
0x00007ffab5500000 - 0x00007ffab5619000 	C:\WINDOWS\System32\gdi32full.dll
0x00007ffab4d50000 - 0x00007ffab4dea000 	C:\WINDOWS\System32\msvcp_win.dll
0x00007ffaae370000 - 0x00007ffaae37a000 	C:\WINDOWS\SYSTEM32\VERSION.dll
0x00007ffab7930000 - 0x00007ffab7961000 	C:\WINDOWS\System32\IMM32.DLL
0x00007ffaad2d0000 - 0x00007ffaad2dc000 	C:\Program Files\Java\jdk-22\bin\vcruntime140_1.dll
0x00007ffa776c0000 - 0x00007ffa7774e000 	C:\Program Files\Java\jdk-22\bin\msvcp140.dll
0x00007ffa5b4c0000 - 0x00007ffa5c207000 	C:\Program Files\Java\jdk-22\bin\server\jvm.dll
0x00007ffab6550000 - 0x00007ffab65c1000 	C:\WINDOWS\System32\WS2_32.dll
0x00007ffab3b50000 - 0x00007ffab3b9d000 	C:\WINDOWS\SYSTEM32\POWRPROF.dll
0x00007ffaad210000 - 0x00007ffaad244000 	C:\WINDOWS\SYSTEM32\WINMM.dll
0x00007ffab3b30000 - 0x00007ffab3b43000 	C:\WINDOWS\SYSTEM32\UMPDC.dll
0x00007ffab3de0000 - 0x00007ffab3df8000 	C:\WINDOWS\SYSTEM32\kernel.appcore.dll
0x00007ffaa1010000 - 0x00007ffaa101a000 	C:\Program Files\Java\jdk-22\bin\jimage.dll
0x00007ffab25f0000 - 0x00007ffab2822000 	C:\WINDOWS\SYSTEM32\DBGHELP.DLL
0x00007ffab6bf0000 - 0x00007ffab6f78000 	C:\WINDOWS\System32\combase.dll
0x00007ffab6300000 - 0x00007ffab63d7000 	C:\WINDOWS\System32\OLEAUT32.dll
0x00007ffa9d1b0000 - 0x00007ffa9d1e2000 	C:\WINDOWS\SYSTEM32\dbgcore.DLL
0x00007ffab4cd0000 - 0x00007ffab4d49000 	C:\WINDOWS\System32\bcryptPrimitives.dll
0x00007ffa9fab0000 - 0x00007ffa9face000 	C:\Program Files\Java\jdk-22\bin\java.dll
0x00007ffab70d0000 - 0x00007ffab792c000 	C:\WINDOWS\System32\SHELL32.dll
0x00007ffab6a40000 - 0x00007ffab6be5000 	C:\WINDOWS\System32\ole32.dll

dbghelp: loaded successfully - version: 4.0.5 - missing functions: none
symbol engine: initialized successfully - sym options: 0x614 - pdb path: .;C:\Program Files\Java\jdk-22\bin;C:\WINDOWS\SYSTEM32;C:\WINDOWS\WinSxS\amd64_microsoft.windows.common-controls_6595b64144ccf1df_6.0.22621.3527_none_270e469b73872a76;C:\Program Files\Java\jdk-22\bin\server

VM Arguments:
java_command: SumTriangleFromArray
java_class_path (initial): .
Launcher Type: SUN_STANDARD

[Global flags]
     intx CICompilerCount                          = 4                                         {product} {ergonomic}
     uint ConcGCThreads                            = 2                                         {product} {ergonomic}
     uint G1ConcRefinementThreads                  = 8                                         {product} {ergonomic}
   size_t G1HeapRegionSize                         = 1048576                                   {product} {ergonomic}
   size_t InitialHeapSize                          = 132120576                                 {product} {ergonomic}
   size_t MarkStackSize                            = 4194304                                   {product} {ergonomic}
   size_t MaxHeapSize                              = 2105540608                                {product} {ergonomic}
   size_t MinHeapDeltaBytes                        = 1048576                                   {product} {ergonomic}
   size_t MinHeapSize                              = 8388608                                   {product} {ergonomic}
    uintx NonNMethodCodeHeapSize                   = 5839372                                {pd product} {ergonomic}
    uintx NonProfiledCodeHeapSize                  = 122909434                              {pd product} {ergonomic}
    uintx ProfiledCodeHeapSize                     = 122909434                              {pd product} {ergonomic}
    uintx ReservedCodeCacheSize                    = 251658240                              {pd product} {ergonomic}
     bool SegmentedCodeCache                       = true                                      {product} {ergonomic}
   size_t SoftMaxHeapSize                          = 2105540608                             {manageable} {ergonomic}
     bool UseCompressedOops                        = true                           {product lp64_product} {ergonomic}
     bool UseG1GC                                  = true                                      {product} {ergonomic}
     bool UseLargePagesIndividualAllocation        = false                                  {pd product} {ergonomic}

Logging:
Log output configuration:
 #0: stdout all=warning uptime,level,tags foldmultilines=false
 #1: stderr all=off uptime,level,tags foldmultilines=false

Environment Variables:
JAVA_HOME=C:\Program Files\Java\jdk-22
PATH=C:\Program Files\Java\jdk-22\bin;C:\Program Files (x86)\Common Files\Oracle\Java\javapath;C:\Windows\system32;C:\Windows;C:\Windows\System32\Wbem;C:\Windows\System32\WindowsPowerShell\v1.0\;C:\Windows\System32\OpenSSH\;C:\Program Files (x86)\NVIDIA Corporation\PhysX\Common;C:\Program Files\NVIDIA Corporation\NVIDIA NvDLISR;C:\Program Files\dotnet\;C:\WINDOWS\system32;C:\WINDOWS;C:\WINDOWS\System32\Wbem;C:\WINDOWS\System32\WindowsPowerShell\v1.0\;C:\WINDOWS\System32\OpenSSH\;C:\Program Files\Git\cmd;C:\Program Files\nodejs\;C:\Program Files\MongoDB\Server\7.0\bin;C:\Program Files\MongoDB\mongosh;C:\jdk-22_windows-x64_bin\jdk-22.0.2\bin;E:\MATLAB\bin;C:\Program Files\MySQL\MySQL Shell 8.0\bin\;C:\Users\aksha\AppData\Local\Programs\Python\Python310\Scripts\;C:\Users\aksha\AppData\Local\Programs\Python\Python310\;C:\Users\aksha\AppData\Local\Microsoft\WindowsApps;;C:\Users\aksha\AppData\Local\Programs\Microsoft VS Code\bin;C:\Program Files (x86)\Avogadro\bin;C:\Users\aksha\AppData\Roaming\npm;C:\Program Files\MongoDB\mongosh\;C:\Program Files\JetBrains\IntelliJ IDEA Community Edition 2024.1.4\bin;
USERNAME=aksha
LANG=en_US.UTF-8
OS=Windows_NT
PROCESSOR_IDENTIFIER=Intel64 Family 6 Model 165 Stepping 2, GenuineIntel
TMP=C:\Users\aksha\AppData\Local\Temp
TEMP=C:\Users\aksha\AppData\Local\Temp




Periodic native trim disabled

---------------  S Y S T E M  ---------------

OS:
 Windows 11 , 64 bit Build 22621 (10.0.22621.3527)
OS uptime: 2 days 2:46 hours

CPU: total 8 (initial active 8) (4 cores per cpu, 2 threads per core) family 6 model 165 stepping 2 microcode 0xe0, cx8, cmov, fxsr, ht, mmx, 3dnowpref, sse, sse2, sse3, ssse3, sse4.1, sse4.2, popcnt, lzcnt, tsc, tscinvbit, avx, avx2, aes, erms, clmul, bmi1, bmi2, adx, fma, vzeroupper, clflush, clflushopt, rdtscp, f16c, pku
Processor Information for all 8 processors :
  Max Mhz: 2400, Current Mhz: 2400, Mhz Limit: 2400

Memory: 4k page, system-wide physical 8029M (409M free)
TotalPageFile size 20413M (AvailPageFile size 93M)
current process WorkingSet (physical memory assigned to process): 12M, peak: 12M
current process commit charge ("private bytes"): 60M, peak: 186M

vm_info: Java HotSpot(TM) 64-Bit Server VM (22.0.1+8-16) for windows-amd64 JRE (22.0.1+8-16), built on 2024-03-12T10:33:16Z by "mach5one" with MS VC++ 17.6 (VS2022)

END.
